  jmpdll.cpp
c:\users\kevin cloutier\documents\sandbox\windows applications\jmpdll\jmpdll\jmpdll.h(46): warning C4091: '__declspec(dllexport)': ignored on left of 'REGISTRY_KEY' when no variable is declared
c:\users\kevin cloutier\documents\sandbox\windows applications\jmpdll\jmpdll\jmpdll.h(47): warning C4161: #pragma pack(pop...): more pops than pushes
c:\users\kevin cloutier\documents\sandbox\windows applications\jmpdll\jmpdll\jmpdll.h(56): warning C4091: '__declspec(dllexport)': ignored on left of 'TEMPERATURE' when no variable is declared
c:\users\kevin cloutier\documents\sandbox\windows applications\jmpdll\jmpdll\jmpdll.h(57): warning C4161: #pragma pack(pop...): more pops than pushes
c:\users\kevin cloutier\documents\sandbox\windows applications\jmpdll\jmpdll\jmpdll.h(68): warning C4091: '__declspec(dllexport)': ignored on left of 'ENVIRON' when no variable is declared
c:\users\kevin cloutier\documents\sandbox\windows applications\jmpdll\jmpdll\jmpdll.h(69): warning C4161: #pragma pack(pop...): more pops than pushes
c:\users\kevin cloutier\documents\sandbox\windows applications\jmpdll\jmpdll\jmpdll.h(78): warning C4091: '__declspec(dllexport)': ignored on left of 'TEN_VOLT' when no variable is declared
c:\users\kevin cloutier\documents\sandbox\windows applications\jmpdll\jmpdll\jmpdll.h(79): warning C4161: #pragma pack(pop...): more pops than pushes
c:\users\kevin cloutier\documents\sandbox\windows applications\jmpdll\jmpdll\jmpdll.cpp(116): warning C4101: 'oor': unreferenced local variable
c:\users\kevin cloutier\documents\sandbox\windows applications\jmpdll\jmpdll\jmpdll.cpp(119): warning C4101: 'ia': unreferenced local variable
c:\users\kevin cloutier\documents\sandbox\windows applications\jmpdll\jmpdll\jmpdll.cpp(271): warning C4018: '<': signed/unsigned mismatch
c:\users\kevin cloutier\documents\sandbox\windows applications\jmpdll\jmpdll\jmpdll.cpp(503): warning C4244: '=': conversion from 'double' to 'unsigned short', possible loss of data
  JmpDll.vcxproj -> C:\Users\Kevin Cloutier\Documents\Sandbox\Windows Applications\JmpDll\Debug\JmpDll.dll
  ..\Debug\JmpDll.dll
  ..\Debug\JmpDll.exp
  ..\Debug\JmpDll.ilk
  ..\Debug\JmpDll.lib
  ..\Debug\JmpDll.pdb
          5 file(s) copied.
