c:\users\kevin cloutier\documents\sandbox\windows applications\jmpdll\jmpdll\debug\vc141.pdb
c:\users\kevin cloutier\documents\sandbox\windows applications\jmpdll\jmpdll\debug\vc141.idb
c:\users\kevin cloutier\documents\sandbox\windows applications\jmpdll\jmpdll\debug\jniorjmp.obj
c:\users\kevin cloutier\documents\sandbox\windows applications\jmpdll\jmpdll\debug\jmpmessage.obj
c:\users\kevin cloutier\documents\sandbox\windows applications\jmpdll\jmpdll\debug\dllmain.obj
c:\users\kevin cloutier\documents\sandbox\windows applications\jmpdll\jmpdll\debug\jnior_jmp.obj
c:\users\kevin cloutier\documents\sandbox\windows applications\jmpdll\jmpdll\debug\logger.obj
c:\users\kevin cloutier\documents\sandbox\windows applications\jmpdll\jmpdll\debug\jmpdll.obj
c:\users\kevin cloutier\documents\sandbox\windows applications\jmpdll\debug\jmpdll.lib
c:\users\kevin cloutier\documents\sandbox\windows applications\jmpdll\debug\jmpdll.exp
c:\users\kevin cloutier\documents\sandbox\windows applications\jmpdll\debug\jmpdll.dll
c:\users\kevin cloutier\documents\sandbox\windows applications\jmpdll\debug\jmpdll.ilk
c:\users\kevin cloutier\documents\sandbox\windows applications\jmpdll\debug\jmpdll.pdb
c:\users\kevin cloutier\documents\sandbox\windows applications\jmpdll\jmpdll\debug\dllmain.obj.enc
c:\users\kevin cloutier\documents\sandbox\windows applications\jmpdll\jmpdll\debug\jmpdll.tlog\cl.command.1.tlog
c:\users\kevin cloutier\documents\sandbox\windows applications\jmpdll\jmpdll\debug\jmpdll.tlog\cl.read.1.tlog
c:\users\kevin cloutier\documents\sandbox\windows applications\jmpdll\jmpdll\debug\jmpdll.tlog\cl.write.1.tlog
c:\users\kevin cloutier\documents\sandbox\windows applications\jmpdll\jmpdll\debug\jmpdll.tlog\jmpdll.write.1u.tlog
c:\users\kevin cloutier\documents\sandbox\windows applications\jmpdll\jmpdll\debug\jmpdll.tlog\link.27768.delete.1.tlog
c:\users\kevin cloutier\documents\sandbox\windows applications\jmpdll\jmpdll\debug\jmpdll.tlog\link.28104.delete.1.tlog
c:\users\kevin cloutier\documents\sandbox\windows applications\jmpdll\jmpdll\debug\jmpdll.tlog\link.30924.delete.1.tlog
c:\users\kevin cloutier\documents\sandbox\windows applications\jmpdll\jmpdll\debug\jmpdll.tlog\link.31000.delete.1.tlog
c:\users\kevin cloutier\documents\sandbox\windows applications\jmpdll\jmpdll\debug\jmpdll.tlog\link.32320.delete.1.tlog
c:\users\kevin cloutier\documents\sandbox\windows applications\jmpdll\jmpdll\debug\jmpdll.tlog\link.34836.delete.1.tlog
c:\users\kevin cloutier\documents\sandbox\windows applications\jmpdll\jmpdll\debug\jmpdll.tlog\link.43924.delete.1.tlog
c:\users\kevin cloutier\documents\sandbox\windows applications\jmpdll\jmpdll\debug\jmpdll.tlog\link.44716.delete.1.tlog
c:\users\kevin cloutier\documents\sandbox\windows applications\jmpdll\jmpdll\debug\jmpdll.tlog\link.46776.delete.1.tlog
c:\users\kevin cloutier\documents\sandbox\windows applications\jmpdll\jmpdll\debug\jmpdll.tlog\link.48196.delete.1.tlog
c:\users\kevin cloutier\documents\sandbox\windows applications\jmpdll\jmpdll\debug\jmpdll.tlog\link.48404.delete.1.tlog
c:\users\kevin cloutier\documents\sandbox\windows applications\jmpdll\jmpdll\debug\jmpdll.tlog\link.50748.delete.1.tlog
c:\users\kevin cloutier\documents\sandbox\windows applications\jmpdll\jmpdll\debug\jmpdll.tlog\link.5244.delete.1.tlog
c:\users\kevin cloutier\documents\sandbox\windows applications\jmpdll\jmpdll\debug\jmpdll.tlog\link.6348.delete.1.tlog
c:\users\kevin cloutier\documents\sandbox\windows applications\jmpdll\jmpdll\debug\jmpdll.tlog\link.7308.delete.1.tlog
c:\users\kevin cloutier\documents\sandbox\windows applications\jmpdll\jmpdll\debug\jmpdll.tlog\link.command.1.tlog
c:\users\kevin cloutier\documents\sandbox\windows applications\jmpdll\jmpdll\debug\jmpdll.tlog\link.read.1.tlog
c:\users\kevin cloutier\documents\sandbox\windows applications\jmpdll\jmpdll\debug\jmpdll.tlog\link.write.1.tlog
